{
  "stats": {
    "suites": 1,
    "tests": 1,
    "passes": 1,
    "pending": 0,
    "failures": 0,
    "start": "2024-01-13T00:36:15.561Z",
    "end": "2024-01-13T00:36:30.175Z",
    "duration": 14614,
    "testsRegistered": 1,
    "passPercent": 100,
    "pendingPercent": 0,
    "other": 0,
    "hasOther": false,
    "skipped": 0,
    "hasSkipped": false
  },
  "results": [
    {
      "uuid": "1d013d4b-5e38-4b70-8f63-cdcb184e5400",
      "title": "",
      "fullFile": "cypress\\e2e\\loginFeature_test.cy.js",
      "file": "cypress\\e2e\\loginFeature_test.cy.js",
      "beforeHooks": [],
      "afterHooks": [],
      "tests": [],
      "suites": [
        {
          "uuid": "f333fc2e-1da1-4e62-940b-ac95fd165122",
          "title": "validating the login functionality of SeamHealth user interface",
          "fullFile": "",
          "file": "",
          "beforeHooks": [],
          "afterHooks": [],
          "tests": [
            {
              "title": "TC_02 - validate that user cannot login with a valid mail and a invalid password",
              "fullTitle": "validating the login functionality of SeamHealth user interface TC_02 - validate that user cannot login with a valid mail and a invalid password",
              "timedOut": null,
              "duration": 10333,
              "state": "passed",
              "speed": "slow",
              "pass": true,
              "fail": false,
              "pending": false,
              "context": null,
              "code": "cy.fixture('loginData').then(data => {\n  lg.enterEmail(data.validMail);\n  lg.enterPassword(data.invalidPassword);\n  lg.clickLoginBtn();\n});",
              "err": {},
              "uuid": "50f09579-e769-43a3-b5c9-50aa421dfef4",
              "parentUUID": "f333fc2e-1da1-4e62-940b-ac95fd165122",
              "isHook": false,
              "skipped": false
            }
          ],
          "suites": [],
          "passes": [
            "50f09579-e769-43a3-b5c9-50aa421dfef4"
          ],
          "failures": [],
          "pending": [],
          "skipped": [],
          "duration": 10333,
          "root": false,
          "rootEmpty": false,
          "_timeout": 2000
        }
      ],
      "passes": [],
      "failures": [],
      "pending": [],
      "skipped": [],
      "duration": 0,
      "root": true,
      "rootEmpty": true,
      "_timeout": 2000
    }
  ],
  "meta": {
    "mocha": {
      "version": "7.0.1"
    },
    "mochawesome": {
      "options": {
        "quiet": false,
        "reportFilename": "mochawesome",
        "saveHtml": true,
        "saveJson": true,
        "consoleReporter": "spec",
        "useInlineDiffs": false,
        "code": true
      },
      "version": "7.1.3"
    },
    "marge": {
      "options": {
        "charts": true,
        "overwrite": false,
        "Html": false,
        "json": true,
        "reportDir": "cypress/reports"
      },
      "version": "6.2.0"
    }
  }
}